         \ 001   
         \ Log Created: 1/8/2006 - 3:44:21 PM
0x20003  \ Delete
0x20003  \ Delete
0x20003  \ Delete
0x20003  \ Delete
0x20003  \ Delete
0x20003  \ Delete
0x20003  \ Delete
0x20003  \ Delete
0x20003  \ Delete
0x20003  \ Delete
0x20003  \ Delete
0x20003  \ Delete
0x20003  \ Delete
0x20003  \ Delete
0x20003  \ Delete
0x20003  \ Delete
0x20003  \ Delete
0x20003  \ Delete
0x20003  \ Delete
0x20003  \ Delete
0x8      \ BackSpace
0x8      \ BackSpace
0x8      \ BackSpace
0x8      \ BackSpace
0x54     \ T
0x20003  \ Delete
0x13     \ CTRL S
0x65     \ e
0x8      \ BackSpace
0x45     \ E
0x20003  \ Delete
0x78     \ x
0x20003  \ Delete
0x8      \ BackSpace
0x78     \ x
0x8      \ BackSpace
0x43     \ C
0x8      \ BackSpace
0x58     \ X
0x20001  \ End
0x9      \ Tab
0x9      \ Tab
0x5C     \ \
0x20     \ Space
0x6C     \ l
0x6F     \ o
0x61     \ a
0x64     \ d
0x20     \ Space
0x52     \ R
0x4F     \ O
0x4D     \ M
0x20     \ Space
0x61     \ a
0x6E     \ n
0x64     \ d
0x20     \ Space
0x45     \ E
0x78     \ x
0x65     \ e
0x63     \ c
0x75     \ u
0x74     \ t
0x65     \ e
0x20     \ Space
0x8      \ BackSpace
0x2E     \ .
0x20     \ Space
0x20     \ Space
0x57     \ W
0x68     \ h
0x6F     \ o
0x61     \ a
0x8      \ BackSpace
0x8      \ BackSpace
0x8      \ BackSpace
0x8      \ BackSpace
0x8      \ BackSpace
0x13     \ CTRL S
0x20003  \ Delete
0x1A     \ CTRL Z
0x5C     \ \
0x13     \ CTRL S
0x20007  \ Down
0x20007  \ Down
0x20007  \ Down
0x20007  \ Down
0x20007  \ Down
0x20007  \ Down
0x20007  \ Down
0x20007  \ Down
0x20007  \ Down
0x20007  \ Down
0x20007  \ Down
0x20007  \ Down
0x20007  \ Down
0x20007  \ Down
0x20007  \ Down
0x20007  \ Down
0x20007  \ Down
0x20007  \ Down
0x20007  \ Down
0x20007  \ Down
0x20007  \ Down
0x20007  \ Down
0x20007  \ Down
0x20007  \ Down
0x20007  \ Down
0x20007  \ Down
0x20007  \ Down
0x20007  \ Down
0x20007  \ Down
0x20007  \ Down
0x20007  \ Down
0x20007  \ Down
0x20007  \ Down
0x20007  \ Down
0x20007  \ Down
0x20007  \ Down
0x20007  \ Down
0x20007  \ Down
0x20007  \ Down
0x20007  \ Down
0x20007  \ Down
0x20007  \ Down
0x20007  \ Down
0x20007  \ Down
0x20007  \ Down
0x20007  \ Down
0x20007  \ Down
0x20007  \ Down
0x20007  \ Down
0x20007  \ Down
0x20007  \ Down
0x20007  \ Down
0x20007  \ Down
0x20007  \ Down
0x20007  \ Down
0x20007  \ Down
0x20007  \ Down
0x20007  \ Down
0x20007  \ Down
0x20007  \ Down
0x20007  \ Down
0x20007  \ Down
0x20007  \ Down
0x20007  \ Down
0x20007  \ Down
0x20007  \ Down
0x20007  \ Down
0x20007  \ Down
0x20007  \ Down
0x20007  \ Down
0x20007  \ Down
0x20007  \ Down
0x20007  \ Down
0x20007  \ Down
0x20007  \ Down
0xD      \ CTRL M
0xD      \ CTRL M
0x20006  \ Up
0x3A     \ :
0x20     \ Space
0x77     \ w
0x69     \ i
0x74     \ t
0x68     \ h
0x69     \ i
0x6E     \ n
0x3E     \ >
0x8      \ BackSpace
0x3F     \ ?
0x20     \ Space
0x20     \ Space
0x20     \ Space
0x31     \ 1
0x2B     \ +
0x20     \ Space
0x77     \ w
0x69     \ i
0x74     \ t
0x68     \ h
0x69     \ i
0x6E     \ n
0x20     \ Space
0x3B     \ ;
0x13     \ CTRL S
0x20006  \ Up
0x20006  \ Up
0x20006  \ Up
0x6      \ CTRL F
0x13     \ CTRL S
